<?xml version="1.0" encoding="UTF-8"?>
<!-- Generated by org.testng.reporters.JUnitReportReporter -->
<testsuite skipped="0" hostname="DESKTOP-92CVSAQ" name="ord.mainclass.Maincode" tests="1" failures="0" timestamp="29 Apr 2024 04:48:17 GMT" time="0.015" errors="0">
  <testcase name="test1" time="0.015" classname="ord.mainclass.Maincode"/>
</testsuite> <!-- ord.mainclass.Maincode -->
